#
# A fatal error has been detected by the Java Runtime Environment:
#
#  SIGSEGV (0xb) at pc=0x00007f6efc0258be, pid=3778, tid=140114429654784
#
# JRE version: 7.0_25-b15
# Java VM: Java HotSpot(TM) 64-Bit Server VM (23.25-b01 mixed mode linux-amd64 compressed oops)
# Problematic frame:
# V  [libjvm.so+0x5ce8be]  JNIHandles::checked_resolve_jmethod_id(_jmethodID*)+0xe
#
# Failed to write core dump. Core dumps have been disabled. To enable core dumping, try "ulimit -c unlimited" before starting Java again
#
# If you would like to submit a bug report, please visit:
#   http://bugreport.sun.com/bugreport/crash.jsp
#

---------------  T H R E A D  ---------------

Current thread (0x00007f6ef4129000):  JavaThread "JDWP Transport Listener: dt_socket" daemon [_thread_in_vm, id=3797, stack(0x00007f6eeebeb000,0x00007f6eeecec000)]

siginfo:si_signo=SIGSEGV: si_errno=0, si_code=1 (SEGV_MAPERR), si_addr=0x0000000000000001

Registers:
RAX=0x0000000000000001, RBX=0x00007f6ef4006970, RCX=0x00007f6efd1692c0, RDX=0x00007f6efc74b220
RSP=0x00007f6eeecea800, RBP=0x00007f6eeecea810, RSI=0x00007f6ef4129000, RDI=0x0000000000000001
R8 =0x00007f6efaf0c8d5, R9 =0x00007f6efc8be610, R10=0x697463656c6c6f63, R11=0x00007f6efc8fa310
R12=0x0000000000000017, R13=0x0000000000000001, R14=0x00007f6ef4129000, R15=0x00007f6eeecea917
RIP=0x00007f6efc0258be, EFLAGS=0x0000000000010202, CSGSFS=0x0000000000000033, ERR=0x0000000000000004
  TRAPNO=0x000000000000000e

Top of Stack: (sp=0x00007f6eeecea800)
0x00007f6eeecea800:   0000000000000074 00007f6ef4006970
0x00007f6eeecea810:   00007f6eeecea880 00007f6efc0176ee
0x00007f6eeecea820:   00007f6ed4011220 00007f6eeecea830
0x00007f6eeecea830:   00007f6ef4129000 0000000000000000
0x00007f6eeecea840:   00007f6e00000000 0000000000000000
0x00007f6eeecea850:   00007f6eeecea870 00007f6efb119e40
0x00007f6eeecea860:   0000000000000001 00007f6eeecea917
0x00007f6eeecea870:   0000000000000017 00007f6eeecea917
0x00007f6eeecea880:   00007f6eeecea8b0 00007f6efaf052f2
0x00007f6eeecea890:   00007f6eeecea8b0 0000000000000001
0x00007f6eeecea8a0:   00007f6eeecea980 00000000000000b8
0x00007f6eeecea8b0:   00007f6eeecea940 00007f6efaee6980
0x00007f6eeecea8c0:   00007f6eeecea8f8 00007f6eeecea8f0
0x00007f6eeecea8d0:   00007f6eeecea8e8 00007f6eeecea90c
0x00007f6eeecea8e0:   00000001d4006560 0000000000000000
0x00007f6eeecea8f0:   0000000000000000 0000000000000000
0x00007f6eeecea900:   00007f6ed400fd90 00000012eecea980
0x00007f6eeecea910:   0000000000000018 0000000000000002
0x00007f6eeecea920:   000000000000000f 0000000000000002
0x00007f6eeecea930:   00000000000f0200 000000000000000f
0x00007f6eeecea940:   00007f6eeeceab90 00007f6efaef1806
0x00007f6eeecea950:   00001f5b00000013 00007f6efc0f0200
0x00007f6eeecea960:   00007f6ecc000bc0 00007f6ef4129e50
0x00007f6eeecea970:   00007f6eeecea980 00007f6eeeceab10
0x00007f6eeecea980:   00007f6ed400cfda 00007f6e000011e6
0x00007f6eeecea990:   00007f6ed400fd70 00007f6e0000012c
0x00007f6eeecea9a0:   00007f6eeecea9d0 00007f6ed400fc30
0x00007f6eeecea9b0:   00007f0000000000 00001f5b0000001c
0x00007f6eeecea9c0:   00007f6e0000a980 00007f6eeecea9d0
0x00007f6eeecea9d0:   6e7f000018000000 05000000785200d4
0x00007f6eeecea9e0:   00000073656d6974 616c6163734c2844
0x00007f6eeecea9f0:   7463656c6c6f632f 756d6d692f6e6f69 

Instructions: (pc=0x00007f6efc0258be)
0x00007f6efc02589e:   00 00 4c 89 f7 e8 88 70 1f 00 e9 4f ff ff ff 90
0x00007f6efc0258ae:   90 90 55 48 89 e5 53 48 83 ec 08 48 85 ff 74 3c
0x00007f6efc0258be:   48 8b 1f 48 85 db 74 34 48 b8 fe fe fe fe fe fe
0x00007f6efc0258ce:   fe fe 48 39 c3 74 25 48 8b 05 fc ec 6e 00 80 38 

Register to memory mapping:

RAX=0x0000000000000001 is an unknown value
RBX=0x00007f6ef4006970 is an unknown value
RCX=0x00007f6efd1692c0: <offset 0x2182c0> in /lib/x86_64-linux-gnu/libpthread.so.0 at 0x00007f6efcf51000
RDX=0x00007f6efc74b220: <offset 0xcf4220> in /usr/lib/jvm/java-7-oracle/jre/lib/amd64/server/libjvm.so at 0x00007f6efba57000
RSP=0x00007f6eeecea800 is pointing into the stack for thread: 0x00007f6ef4129000
RBP=0x00007f6eeecea810 is pointing into the stack for thread: 0x00007f6ef4129000
RSI=0x00007f6ef4129000 is a thread
RDI=0x0000000000000001 is an unknown value
R8 =0x00007f6efaf0c8d5: <offset 0x2c8d5> in /usr/lib/jvm/java-7-oracle/jre/lib/amd64/libjdwp.so at 0x00007f6efaee0000
R9 =0x00007f6efc8be610: <offset 0x147610> in /lib/x86_64-linux-gnu/libc.so.6 at 0x00007f6efc777000
R10=0x697463656c6c6f63 is an unknown value
R11=0x00007f6efc8fa310: <offset 0x183310> in /lib/x86_64-linux-gnu/libc.so.6 at 0x00007f6efc777000
R12=0x0000000000000017 is an unknown value
R13=0x0000000000000001 is an unknown value
R14=0x00007f6ef4129000 is a thread
R15=0x00007f6eeecea917 is pointing into the stack for thread: 0x00007f6ef4129000


Stack: [0x00007f6eeebeb000,0x00007f6eeecec000],  sp=0x00007f6eeecea800,  free space=1022k
Native frames: (J=compiled Java code, j=interpreted, Vv=VM code, C=native code)
V  [libjvm.so+0x5ce8be]  JNIHandles::checked_resolve_jmethod_id(_jmethodID*)+0xe
V  [libjvm.so+0x5c06ee]  jvmti_IsMethodSynthetic+0x22e
C  [libjdwp.so+0x252f2]  isMethodSynthetic+0x42
C  [libjdwp.so+0x6980]  methods1+0x1b0
C  [libjdwp.so+0x11806]  debugLoop_run+0x2b6
C  [libjdwp.so+0x2422f]  attachThread+0x2f
V  [libjvm.so+0x623217]  JvmtiAgentThread::call_start_function()+0x97
V  [libjvm.so+0x861bc8]  JavaThread::thread_main_inner()+0xc8
V  [libjvm.so+0x861d18]  JavaThread::run()+0x138
V  [libjvm.so+0x744270]  java_start(Thread*)+0x100


---------------  P R O C E S S  ---------------

Java Threads: ( => current thread )
  0x00007f6ef41bd000 JavaThread "ReaderThread" [_thread_in_native, id=3808, stack(0x00007f6eee296000,0x00007f6eee397000)]
  0x00007f6ef4134000 JavaThread "Service Thread" daemon [_thread_blocked, id=3806, stack(0x00007f6eee6e6000,0x00007f6eee7e7000)]
  0x00007f6ef4131800 JavaThread "C2 CompilerThread1" daemon [_thread_blocked, id=3805, stack(0x00007f6eee7e7000,0x00007f6eee8e8000)]
  0x00007f6ef412e800 JavaThread "C2 CompilerThread0" daemon [_thread_blocked, id=3804, stack(0x00007f6eee8e8000,0x00007f6eee9e9000)]
  0x00007f6ed4001000 JavaThread "JDWP Command Reader" daemon [_thread_in_native, id=3801, stack(0x00007f6eee9e9000,0x00007f6eeeaea000)]
  0x00007f6ef412c800 JavaThread "JDWP Event Helper Thread" daemon [_thread_blocked, id=3800, stack(0x00007f6eeeaea000,0x00007f6eeebeb000)]
=>0x00007f6ef4129000 JavaThread "JDWP Transport Listener: dt_socket" daemon [_thread_in_vm, id=3797, stack(0x00007f6eeebeb000,0x00007f6eeecec000)]
  0x00007f6ef411b800 JavaThread "Signal Dispatcher" daemon [_thread_blocked, id=3795, stack(0x00007f6ef8070000,0x00007f6ef8171000)]
  0x00007f6ef40ce800 JavaThread "Finalizer" daemon [_thread_blocked, id=3793, stack(0x00007f6ef8171000,0x00007f6ef8272000)]
  0x00007f6ef40cc000 JavaThread "Reference Handler" daemon [_thread_blocked, id=3792, stack(0x00007f6ef8272000,0x00007f6ef8373000)]
  0x00007f6ef400d000 JavaThread "main" [_thread_blocked, id=3780, stack(0x00007f6efd279000,0x00007f6efd37a000)]

Other Threads:
  0x00007f6ef40c4800 VMThread [stack: 0x00007f6ef8373000,0x00007f6ef8474000] [id=3791]
  0x00007f6ef413e800 WatcherThread [stack: 0x00007f6eee5e5000,0x00007f6eee6e6000] [id=3807]

VM state:not at safepoint (normal execution)

VM Mutex/Monitor currently owned by a thread: None

Heap
 PSYoungGen      total 18240K, used 6991K [0x00000000ebab0000, 0x00000000ecf00000, 0x0000000100000000)
  eden space 15680K, 44% used [0x00000000ebab0000,0x00000000ec183cf8,0x00000000eca00000)
  from space 2560K, 0% used [0x00000000ecc80000,0x00000000ecc80000,0x00000000ecf00000)
  to   space 2560K, 0% used [0x00000000eca00000,0x00000000eca00000,0x00000000ecc80000)
 ParOldGen       total 41664K, used 0K [0x00000000c3000000, 0x00000000c58b0000, 0x00000000ebab0000)
  object space 41664K, 0% used [0x00000000c3000000,0x00000000c3000000,0x00000000c58b0000)
 PSPermGen       total 21248K, used 11233K [0x00000000bde00000, 0x00000000bf2c0000, 0x00000000c3000000)
  object space 21248K, 52% used [0x00000000bde00000,0x00000000be8f86e8,0x00000000bf2c0000)

Card table byte_map: [0x00007f6ef9c7a000,0x00007f6ef9e8c000] byte_map_base: 0x00007f6ef968b000

Polling page: 0x00007f6efd38d000

Code Cache  [0x00007f6ef1000000, 0x00007f6ef1270000, 0x00007f6ef4000000)
 total_blobs=253 nmethods=19 adapters=195 free_code_cache=48691Kb largest_free_block=49842304

Compilation events (10 events):
Event: 0,322 Thread 0x00007f6ef4131800 nmethod 13 0x00007f6ef106ca10 code [0x00007f6ef106cb60, 0x00007f6ef106ce78]
Event: 0,344 Thread 0x00007f6ef412e800 nmethod 14 0x00007f6ef1070a50 code [0x00007f6ef1070c00, 0x00007f6ef1071988]
Event: 0,467 Thread 0x00007f6ef4131800   16             java.lang.String::length (6 bytes)
Event: 0,467 Thread 0x00007f6ef4131800 nmethod 16 0x00007f6ef1064750 code [0x00007f6ef10648a0, 0x00007f6ef1064938]
Event: 0,474 Thread 0x00007f6ef4131800   18             java.util.Properties::loadConvert (505 bytes)
Event: 0,481 Thread 0x00007f6ef412e800   17             java.util.Properties$LineReader::readLine (452 bytes)
Event: 0,505 Thread 0x00007f6ef412e800 nmethod 17 0x00007f6ef1072550 code [0x00007f6ef1072700, 0x00007f6ef1072fd8]
Event: 0,505 Thread 0x00007f6ef412e800   19             java.lang.Math::min (11 bytes)
Event: 0,506 Thread 0x00007f6ef412e800 nmethod 19 0x00007f6ef1072390 code [0x00007f6ef10724c0, 0x00007f6ef10724f8]
Event: 0,508 Thread 0x00007f6ef4131800 nmethod 18 0x00007f6ef1074650 code [0x00007f6ef10747e0, 0x00007f6ef10751a8]

GC Heap History (0 events):
No events

Deoptimization events (0 events):
No events

Internal exceptions (10 events):
Event: 0,651 Thread 0x00007f6ef400d000 Threw 0x00000000ec1463e0 at /HUDSON/workspace/jdk7u25-2-build-linux-amd64-product/jdk7u25/hotspot/src/share/vm/prims/jvm.cpp:1235
Event: 0,651 Thread 0x00007f6ef400d000 Threw 0x00000000ec14b1a8 at /HUDSON/workspace/jdk7u25-2-build-linux-amd64-product/jdk7u25/hotspot/src/share/vm/prims/jvm.cpp:1235
Event: 0,653 Thread 0x00007f6ef400d000 Threw 0x00000000ec151f90 at /HUDSON/workspace/jdk7u25-2-build-linux-amd64-product/jdk7u25/hotspot/src/share/vm/prims/jvm.cpp:1235
Event: 0,660 Thread 0x00007f6ef400d000 Threw 0x00000000ec15ddf0 at /HUDSON/workspace/jdk7u25-2-build-linux-amd64-product/jdk7u25/hotspot/src/share/vm/prims/jvm.cpp:1235
Event: 0,660 Thread 0x00007f6ef400d000 Threw 0x00000000ec161858 at /HUDSON/workspace/jdk7u25-2-build-linux-amd64-product/jdk7u25/hotspot/src/share/vm/prims/jvm.cpp:1235
Event: 0,662 Thread 0x00007f6ef400d000 Threw 0x00000000ec166c70 at /HUDSON/workspace/jdk7u25-2-build-linux-amd64-product/jdk7u25/hotspot/src/share/vm/prims/jvm.cpp:1235
Event: 0,666 Thread 0x00007f6ef400d000 Threw 0x00000000ec169078 at /HUDSON/workspace/jdk7u25-2-build-linux-amd64-product/jdk7u25/hotspot/src/share/vm/prims/jvm.cpp:1235
Event: 0,669 Thread 0x00007f6ef400d000 Threw 0x00000000ec16b6f0 at /HUDSON/workspace/jdk7u25-2-build-linux-amd64-product/jdk7u25/hotspot/src/share/vm/prims/jvm.cpp:1235
Event: 0,671 Thread 0x00007f6ef400d000 Threw 0x00000000ec16da20 at /HUDSON/workspace/jdk7u25-2-build-linux-amd64-product/jdk7u25/hotspot/src/share/vm/prims/jvm.cpp:1235
Event: 0,675 Thread 0x00007f6ef400d000 Threw 0x00000000ec171518 at /HUDSON/workspace/jdk7u25-2-build-linux-amd64-product/jdk7u25/hotspot/src/share/vm/prims/jvm.cpp:1235

Events (10 events):
Event: 5780,320 Executing VM operation: ChangeBreakpoints
Event: 5780,320 Executing VM operation: ChangeBreakpoints done
Event: 5780,320 Executing VM operation: ChangeBreakpoints
Event: 5780,321 Executing VM operation: ChangeBreakpoints done
Event: 5780,327 Executing VM operation: ChangeBreakpoints
Event: 5780,328 Executing VM operation: ChangeBreakpoints done
Event: 5780,333 Executing VM operation: ChangeBreakpoints
Event: 5780,333 Executing VM operation: ChangeBreakpoints done
Event: 10333,668 Executing VM operation: RedefineClasses
Event: 10333,676 Executing VM operation: RedefineClasses done


Dynamic libraries:
00400000-00401000 r-xp 00000000 07:00 450600                             /usr/lib/jvm/java-7-oracle/bin/java
00600000-00601000 rw-p 00000000 07:00 450600                             /usr/lib/jvm/java-7-oracle/bin/java
01882000-018a3000 rw-p 00000000 00:00 0                                  [heap]
bde00000-bf2c0000 rw-p 00000000 00:00 0 
bf2c0000-c3000000 rw-p 00000000 00:00 0 
c3000000-c58b0000 rw-p 00000000 00:00 0 
c58b0000-ebab0000 rw-p 00000000 00:00 0 
ebab0000-ecf00000 rw-p 00000000 00:00 0 
ecf00000-100000000 rw-p 00000000 00:00 0 
7f6eb0000000-7f6eb0021000 rw-p 00000000 00:00 0 
7f6eb0021000-7f6eb4000000 ---p 00000000 00:00 0 
7f6eb8000000-7f6eb8021000 rw-p 00000000 00:00 0 
7f6eb8021000-7f6ebc000000 ---p 00000000 00:00 0 
7f6ebc000000-7f6ebc021000 rw-p 00000000 00:00 0 
7f6ebc021000-7f6ec0000000 ---p 00000000 00:00 0 
7f6ec0000000-7f6ec01dd000 rw-p 00000000 00:00 0 
7f6ec01dd000-7f6ec4000000 ---p 00000000 00:00 0 
7f6ec4000000-7f6ec4214000 rw-p 00000000 00:00 0 
7f6ec4214000-7f6ec8000000 ---p 00000000 00:00 0 
7f6ec8000000-7f6ec8021000 rw-p 00000000 00:00 0 
7f6ec8021000-7f6ecc000000 ---p 00000000 00:00 0 
7f6ecc000000-7f6ecc021000 rw-p 00000000 00:00 0 
7f6ecc021000-7f6ed0000000 ---p 00000000 00:00 0 
7f6ed0000000-7f6ed0021000 rw-p 00000000 00:00 0 
7f6ed0021000-7f6ed4000000 ---p 00000000 00:00 0 
7f6ed4000000-7f6ed4021000 rw-p 00000000 00:00 0 
7f6ed4021000-7f6ed8000000 ---p 00000000 00:00 0 
7f6ed8000000-7f6ed8021000 rw-p 00000000 00:00 0 
7f6ed8021000-7f6edc000000 ---p 00000000 00:00 0 
7f6edc000000-7f6edc021000 rw-p 00000000 00:00 0 
7f6edc021000-7f6ee0000000 ---p 00000000 00:00 0 
7f6ee0000000-7f6ee0021000 rw-p 00000000 00:00 0 
7f6ee0021000-7f6ee4000000 ---p 00000000 00:00 0 
7f6ee4000000-7f6ee4021000 rw-p 00000000 00:00 0 
7f6ee4021000-7f6ee8000000 ---p 00000000 00:00 0 
7f6ee8000000-7f6ee8021000 rw-p 00000000 00:00 0 
7f6ee8021000-7f6eec000000 ---p 00000000 00:00 0 
7f6eee09e000-7f6eee296000 rw-p 00000000 00:00 0 
7f6eee296000-7f6eee299000 ---p 00000000 00:00 0 
7f6eee299000-7f6eee3c8000 rw-p 00000000 00:00 0                          [stack:3808]
7f6eee3c8000-7f6eee3dd000 r-xp 00000000 07:00 425248                     /usr/lib/jvm/java-7-oracle/jre/lib/amd64/libnet.so
7f6eee3dd000-7f6eee5dd000 ---p 00015000 07:00 425248                     /usr/lib/jvm/java-7-oracle/jre/lib/amd64/libnet.so
7f6eee5dd000-7f6eee5de000 rw-p 00015000 07:00 425248                     /usr/lib/jvm/java-7-oracle/jre/lib/amd64/libnet.so
7f6eee5de000-7f6eee5e5000 r--s 00037000 07:00 797738                     /home/sony/Downloads/patmat/lib_managed/jars/junit/junit/junit-4.10.jar
7f6eee5e5000-7f6eee5e6000 ---p 00000000 00:00 0 
7f6eee5e6000-7f6eee6e6000 rw-p 00000000 00:00 0                          [stack:3807]
7f6eee6e6000-7f6eee6e9000 ---p 00000000 00:00 0 
7f6eee6e9000-7f6eee7e7000 rw-p 00000000 00:00 0                          [stack:3806]
7f6eee7e7000-7f6eee7ea000 ---p 00000000 00:00 0 
7f6eee7ea000-7f6eee8e8000 rw-p 00000000 00:00 0                          [stack:3805]
7f6eee8e8000-7f6eee8eb000 ---p 00000000 00:00 0 
7f6eee8eb000-7f6eee9e9000 rw-p 00000000 00:00 0                          [stack:3804]
7f6eee9e9000-7f6eee9ec000 ---p 00000000 00:00 0 
7f6eee9ec000-7f6eeeaea000 rw-p 00000000 00:00 0                          [stack:3801]
7f6eeeaea000-7f6eeeaed000 ---p 00000000 00:00 0 
7f6eeeaed000-7f6eeebeb000 rw-p 00000000 00:00 0                          [stack:3800]
7f6eeebeb000-7f6eeebee000 ---p 00000000 00:00 0 
7f6eeebee000-7f6eeecec000 rw-p 00000000 00:00 0                          [stack:3797]
7f6eeecec000-7f6eeecf0000 r-xp 00000000 07:00 425219                     /usr/lib/jvm/java-7-oracle/jre/lib/amd64/libdt_socket.so
7f6eeecf0000-7f6eeeeef000 ---p 00004000 07:00 425219                     /usr/lib/jvm/java-7-oracle/jre/lib/amd64/libdt_socket.so
7f6eeeeef000-7f6eeeef0000 rw-p 00003000 07:00 425219                     /usr/lib/jvm/java-7-oracle/jre/lib/amd64/libdt_socket.so
7f6eeeef0000-7f6ef1000000 rw-p 00000000 00:00 0 
7f6ef1000000-7f6ef1270000 rwxp 00000000 00:00 0 
7f6ef1270000-7f6ef43e8000 rw-p 00000000 00:00 0 
7f6ef43e8000-7f6ef8000000 ---p 00000000 00:00 0 
7f6ef8005000-7f6ef8038000 r--s 002ce000 07:00 797740                     /home/sony/Downloads/patmat/lib_managed/jars/org.scala-lang/scala-reflect/scala-reflect-2.10.0.jar
7f6ef8038000-7f6ef8041000 r--s 00066000 07:00 797739                     /home/sony/Downloads/patmat/lib_managed/jars/org.scala-lang/scala-actors/scala-actors-2.10.0.jar
7f6ef8041000-7f6ef8070000 r--s 002ca000 07:00 797737                     /home/sony/Downloads/patmat/lib_managed/jars/org.scalatest/scalatest_2.10/scalatest_2.10-1.9.1.jar
7f6ef8070000-7f6ef8073000 ---p 00000000 00:00 0 
7f6ef8073000-7f6ef8171000 rw-p 00000000 00:00 0                          [stack:3795]
7f6ef8171000-7f6ef8174000 ---p 00000000 00:00 0 
7f6ef8174000-7f6ef8272000 rw-p 00000000 00:00 0                          [stack:3793]
7f6ef8272000-7f6ef8275000 ---p 00000000 00:00 0 
7f6ef8275000-7f6ef8373000 rw-p 00000000 00:00 0                          [stack:3792]
7f6ef8373000-7f6ef8374000 ---p 00000000 00:00 0 
7f6ef8374000-7f6ef8e50000 rw-p 00000000 00:00 0                          [stack:3791]
7f6ef8e50000-7f6ef900d000 r--s 039f9000 07:00 420006                     /usr/lib/jvm/java-7-oracle/jre/lib/rt.jar
7f6ef900d000-7f6ef9042000 r--s 002d2000 07:00 1047579                    /home/sony/Downloads/eclipse/configuration/org.eclipse.osgi/bundles/259/1/.cp/lib/scala-reflect.jar
7f6ef9042000-7f6ef904a000 r--s 0006d000 07:00 1045512                    /home/sony/Downloads/eclipse/configuration/org.eclipse.osgi/bundles/260/1/.cp/lib/scala-actors.jar
7f6ef904a000-7f6ef9054000 r--s 000a3000 07:00 1045511                    /home/sony/Downloads/eclipse/configuration/org.eclipse.osgi/bundles/260/1/.cp/lib/scala-swing.jar
7f6ef9054000-7f6ef90c6000 r--s 00659000 07:00 1045510                    /home/sony/Downloads/eclipse/configuration/org.eclipse.osgi/bundles/260/1/.cp/lib/scala-library.jar
7f6ef90c6000-7f6ef9932000 rw-p 00000000 00:00 0 
7f6ef9932000-7f6ef9933000 ---p 00000000 00:00 0 
7f6ef9933000-7f6ef9a33000 rw-p 00000000 00:00 0                          [stack:3787]
7f6ef9a33000-7f6ef9a34000 ---p 00000000 00:00 0 
7f6ef9a34000-7f6ef9b49000 rw-p 00000000 00:00 0                          [stack:3786]
7f6ef9b49000-7f6ef9c7a000 rw-p 00000000 00:00 0 
7f6ef9c7a000-7f6ef9c85000 rw-p 00000000 00:00 0 
7f6ef9c85000-7f6ef9ca3000 rw-p 00000000 00:00 0 
7f6ef9ca3000-7f6ef9cb8000 rw-p 00000000 00:00 0 
7f6ef9cb8000-7f6ef9de8000 rw-p 00000000 00:00 0 
7f6ef9de8000-7f6ef9df3000 rw-p 00000000 00:00 0 
7f6ef9df3000-7f6ef9e8b000 rw-p 00000000 00:00 0 
7f6ef9e8b000-7f6ef9e8c000 rw-p 00000000 00:00 0 
7f6ef9e8c000-7f6ef9ea7000 r-xp 00000000 07:00 425206                     /usr/lib/jvm/java-7-oracle/jre/lib/amd64/libzip.so
7f6ef9ea7000-7f6efa0a6000 ---p 0001b000 07:00 425206                     /usr/lib/jvm/java-7-oracle/jre/lib/amd64/libzip.so
7f6efa0a6000-7f6efa0a7000 rw-p 0001a000 07:00 425206                     /usr/lib/jvm/java-7-oracle/jre/lib/amd64/libzip.so
7f6efa0a7000-7f6efa0b3000 r-xp 00000000 07:00 234599                     /lib/x86_64-linux-gnu/libnss_files-2.15.so
7f6efa0b3000-7f6efa2b2000 ---p 0000c000 07:00 234599                     /lib/x86_64-linux-gnu/libnss_files-2.15.so
7f6efa2b2000-7f6efa2b3000 r--p 0000b000 07:00 234599                     /lib/x86_64-linux-gnu/libnss_files-2.15.so
7f6efa2b3000-7f6efa2b4000 rw-p 0000c000 07:00 234599                     /lib/x86_64-linux-gnu/libnss_files-2.15.so
7f6efa2b4000-7f6efa2be000 r-xp 00000000 07:00 234508                     /lib/x86_64-linux-gnu/libnss_nis-2.15.so
7f6efa2be000-7f6efa4be000 ---p 0000a000 07:00 234508                     /lib/x86_64-linux-gnu/libnss_nis-2.15.so
7f6efa4be000-7f6efa4bf000 r--p 0000a000 07:00 234508                     /lib/x86_64-linux-gnu/libnss_nis-2.15.so
7f6efa4bf000-7f6efa4c0000 rw-p 0000b000 07:00 234508                     /lib/x86_64-linux-gnu/libnss_nis-2.15.so
7f6efa4c0000-7f6efa4d7000 r-xp 00000000 07:00 234517                     /lib/x86_64-linux-gnu/libnsl-2.15.so
7f6efa4d7000-7f6efa6d6000 ---p 00017000 07:00 234517                     /lib/x86_64-linux-gnu/libnsl-2.15.so
7f6efa6d6000-7f6efa6d7000 r--p 00016000 07:00 234517                     /lib/x86_64-linux-gnu/libnsl-2.15.so
7f6efa6d7000-7f6efa6d8000 rw-p 00017000 07:00 234517                     /lib/x86_64-linux-gnu/libnsl-2.15.so
7f6efa6d8000-7f6efa6da000 rw-p 00000000 00:00 0 
7f6efa6da000-7f6efa6e2000 r-xp 00000000 07:00 234598                     /lib/x86_64-linux-gnu/libnss_compat-2.15.so
7f6efa6e2000-7f6efa8e1000 ---p 00008000 07:00 234598                     /lib/x86_64-linux-gnu/libnss_compat-2.15.so
7f6efa8e1000-7f6efa8e2000 r--p 00007000 07:00 234598                     /lib/x86_64-linux-gnu/libnss_compat-2.15.so
7f6efa8e2000-7f6efa8e3000 rw-p 00008000 07:00 234598                     /lib/x86_64-linux-gnu/libnss_compat-2.15.so
7f6efa8e3000-7f6efacdd000 r--p 00000000 07:00 3169281                    /usr/lib/locale/locale-archive
7f6efacdd000-7f6eface0000 r-xp 00000000 07:00 425225                     /usr/lib/jvm/java-7-oracle/jre/lib/amd64/libnpt.so
7f6eface0000-7f6efaedf000 ---p 00003000 07:00 425225                     /usr/lib/jvm/java-7-oracle/jre/lib/amd64/libnpt.so
7f6efaedf000-7f6efaee0000 rw-p 00002000 07:00 425225                     /usr/lib/jvm/java-7-oracle/jre/lib/amd64/libnpt.so
7f6efaee0000-7f6efaf19000 r-xp 00000000 07:00 425242                     /usr/lib/jvm/java-7-oracle/jre/lib/amd64/libjdwp.so
7f6efaf19000-7f6efb118000 ---p 00039000 07:00 425242                     /usr/lib/jvm/java-7-oracle/jre/lib/amd64/libjdwp.so
7f6efb118000-7f6efb11a000 rw-p 00038000 07:00 425242                     /usr/lib/jvm/java-7-oracle/jre/lib/amd64/libjdwp.so
7f6efb11a000-7f6efb143000 r-xp 00000000 07:00 425241                     /usr/lib/jvm/java-7-oracle/jre/lib/amd64/libjava.so
7f6efb143000-7f6efb343000 ---p 00029000 07:00 425241                     /usr/lib/jvm/java-7-oracle/jre/lib/amd64/libjava.so
7f6efb343000-7f6efb345000 rw-p 00029000 07:00 425241                     /usr/lib/jvm/java-7-oracle/jre/lib/amd64/libjava.so
7f6efb345000-7f6efb352000 r-xp 00000000 07:00 425216                     /usr/lib/jvm/java-7-oracle/jre/lib/amd64/libverify.so
7f6efb352000-7f6efb551000 ---p 0000d000 07:00 425216                     /usr/lib/jvm/java-7-oracle/jre/lib/amd64/libverify.so
7f6efb551000-7f6efb553000 rw-p 0000c000 07:00 425216                     /usr/lib/jvm/java-7-oracle/jre/lib/amd64/libverify.so
7f6efb553000-7f6efb55a000 r-xp 00000000 07:00 234568                     /lib/x86_64-linux-gnu/librt-2.15.so
7f6efb55a000-7f6efb759000 ---p 00007000 07:00 234568                     /lib/x86_64-linux-gnu/librt-2.15.so
7f6efb759000-7f6efb75a000 r--p 00006000 07:00 234568                     /lib/x86_64-linux-gnu/librt-2.15.so
7f6efb75a000-7f6efb75b000 rw-p 00007000 07:00 234568                     /lib/x86_64-linux-gnu/librt-2.15.so
7f6efb75b000-7f6efb856000 r-xp 00000000 07:00 234565                     /lib/x86_64-linux-gnu/libm-2.15.so
7f6efb856000-7f6efba55000 ---p 000fb000 07:00 234565                     /lib/x86_64-linux-gnu/libm-2.15.so
7f6efba55000-7f6efba56000 r--p 000fa000 07:00 234565                     /lib/x86_64-linux-gnu/libm-2.15.so
7f6efba56000-7f6efba57000 rw-p 000fb000 07:00 234565                     /lib/x86_64-linux-gnu/libm-2.15.so
7f6efba57000-7f6efc498000 r-xp 00000000 07:00 425987                     /usr/lib/jvm/java-7-oracle/jre/lib/amd64/server/libjvm.so
7f6efc498000-7f6efc698000 ---p 00a41000 07:00 425987                     /usr/lib/jvm/java-7-oracle/jre/lib/amd64/server/libjvm.so
7f6efc698000-7f6efc73b000 rw-p 00a41000 07:00 425987                     /usr/lib/jvm/java-7-oracle/jre/lib/amd64/server/libjvm.so
7f6efc73b000-7f6efc777000 rw-p 00000000 00:00 0 
7f6efc777000-7f6efc92c000 r-xp 00000000 07:00 234509                     /lib/x86_64-linux-gnu/libc-2.15.so
7f6efc92c000-7f6efcb2b000 ---p 001b5000 07:00 234509                     /lib/x86_64-linux-gnu/libc-2.15.so
7f6efcb2b000-7f6efcb2f000 r--p 001b4000 07:00 234509                     /lib/x86_64-linux-gnu/libc-2.15.so
7f6efcb2f000-7f6efcb31000 rw-p 001b8000 07:00 234509                     /lib/x86_64-linux-gnu/libc-2.15.so
7f6efcb31000-7f6efcb36000 rw-p 00000000 00:00 0 
7f6efcb36000-7f6efcb38000 r-xp 00000000 07:00 234515                     /lib/x86_64-linux-gnu/libdl-2.15.so
7f6efcb38000-7f6efcd38000 ---p 00002000 07:00 234515                     /lib/x86_64-linux-gnu/libdl-2.15.so
7f6efcd38000-7f6efcd39000 r--p 00002000 07:00 234515                     /lib/x86_64-linux-gnu/libdl-2.15.so
7f6efcd39000-7f6efcd3a000 rw-p 00003000 07:00 234515                     /lib/x86_64-linux-gnu/libdl-2.15.so
7f6efcd3a000-7f6efcd50000 r-xp 00000000 07:00 431108                     /usr/lib/jvm/java-7-oracle/jre/lib/amd64/jli/libjli.so
7f6efcd50000-7f6efcf50000 ---p 00016000 07:00 431108                     /usr/lib/jvm/java-7-oracle/jre/lib/amd64/jli/libjli.so
7f6efcf50000-7f6efcf51000 rw-p 00016000 07:00 431108                     /usr/lib/jvm/java-7-oracle/jre/lib/amd64/jli/libjli.so
7f6efcf51000-7f6efcf69000 r-xp 00000000 07:00 234612                     /lib/x86_64-linux-gnu/libpthread-2.15.so
7f6efcf69000-7f6efd168000 ---p 00018000 07:00 234612                     /lib/x86_64-linux-gnu/libpthread-2.15.so
7f6efd168000-7f6efd169000 r--p 00017000 07:00 234612                     /lib/x86_64-linux-gnu/libpthread-2.15.so
7f6efd169000-7f6efd16a000 rw-p 00018000 07:00 234612                     /lib/x86_64-linux-gnu/libpthread-2.15.so
7f6efd16a000-7f6efd16e000 rw-p 00000000 00:00 0 
7f6efd16e000-7f6efd190000 r-xp 00000000 07:00 234577                     /lib/x86_64-linux-gnu/ld-2.15.so
7f6efd190000-7f6efd19b000 rw-p 00000000 00:00 0 
7f6efd19b000-7f6efd1b9000 rw-p 00000000 00:00 0 
7f6efd1b9000-7f6efd1c3000 rw-p 00000000 00:00 0 
7f6efd1c3000-7f6efd279000 rw-p 00000000 00:00 0 
7f6efd279000-7f6efd27c000 ---p 00000000 00:00 0 
7f6efd27c000-7f6efd37e000 rw-p 00000000 00:00 0                          [stack:3780]
7f6efd380000-7f6efd382000 rw-p 00000000 00:00 0 
7f6efd382000-7f6efd384000 r--s 00011000 07:00 797741                     /home/sony/Downloads/patmat/lib_managed/jars/org.hamcrest/hamcrest-core/hamcrest-core-1.1.jar
7f6efd384000-7f6efd38c000 rw-s 00000000 07:00 837717                     /tmp/hsperfdata_sony/3778
7f6efd38c000-7f6efd38d000 rw-p 00000000 00:00 0 
7f6efd38d000-7f6efd38e000 r--p 00000000 00:00 0 
7f6efd38e000-7f6efd390000 rw-p 00000000 00:00 0 
7f6efd390000-7f6efd391000 r--p 00022000 07:00 234577                     /lib/x86_64-linux-gnu/ld-2.15.so
7f6efd391000-7f6efd393000 rw-p 00023000 07:00 234577                     /lib/x86_64-linux-gnu/ld-2.15.so
7fff5082d000-7fff5084e000 rw-p 00000000 00:00 0                          [stack]
7fff5087a000-7fff5087c000 r-xp 00000000 00:00 0                          [vdso]
ffffffffff600000-ffffffffff601000 r-xp 00000000 00:00 0                  [vsyscall]

VM Arguments:
jvm_args: -agentlib:jdwp=transport=dt_socket,suspend=y,address=localhost:45139 -Dfile.encoding=UTF-8 -Xbootclasspath/p:/home/sony/Downloads/eclipse/configuration/org.eclipse.osgi/bundles/260/1/.cp/lib/scala-library.jar:/home/sony/Downloads/eclipse/configuration/org.eclipse.osgi/bundles/260/1/.cp/lib/scala-swing.jar:/home/sony/Downloads/eclipse/configuration/org.eclipse.osgi/bundles/260/1/.cp/lib/scala-actors.jar:/home/sony/Downloads/eclipse/configuration/org.eclipse.osgi/bundles/259/1/.cp/lib/scala-reflect.jar 
java_command: org.eclipse.jdt.internal.junit.runner.RemoteTestRunner -version 3 -port 39670 -testLoaderClass org.eclipse.jdt.internal.junit4.runner.JUnit4TestLoader -loaderpluginname org.eclipse.jdt.junit4.runtime -classNames patmat.HuffmanSuite
Launcher Type: SUN_STANDARD

Environment Variables:
PATH=/usr/lib/lightdm/lightdm:/usr/local/sbin:/usr/local/bin:/usr/sbin:/usr/bin:/sbin:/bin:/usr/games
SHELL=/bin/bash
DISPLAY=:0.0

Signal Handlers:
SIGSEGV: [libjvm.so+0x8a26a0], sa_mask[0]=0x7ffbfeff, sa_flags=0x10000004
SIGBUS: [libjvm.so+0x8a26a0], sa_mask[0]=0x7ffbfeff, sa_flags=0x10000004
SIGFPE: [libjvm.so+0x73f3d0], sa_mask[0]=0x7ffbfeff, sa_flags=0x10000004
SIGPIPE: [libjvm.so+0x73f3d0], sa_mask[0]=0x7ffbfeff, sa_flags=0x10000004
SIGXFSZ: [libjvm.so+0x73f3d0], sa_mask[0]=0x7ffbfeff, sa_flags=0x10000004
SIGILL: [libjvm.so+0x73f3d0], sa_mask[0]=0x7ffbfeff, sa_flags=0x10000004
SIGUSR1: SIG_DFL, sa_mask[0]=0x00000000, sa_flags=0x00000000
SIGUSR2: [libjvm.so+0x73ed20], sa_mask[0]=0x00000004, sa_flags=0x10000004
SIGHUP: [libjvm.so+0x7410b0], sa_mask[0]=0x7ffbfeff, sa_flags=0x10000004
SIGINT: [libjvm.so+0x7410b0], sa_mask[0]=0x7ffbfeff, sa_flags=0x10000004
SIGTERM: [libjvm.so+0x7410b0], sa_mask[0]=0x7ffbfeff, sa_flags=0x10000004
SIGQUIT: [libjvm.so+0x7410b0], sa_mask[0]=0x7ffbfeff, sa_flags=0x10000004


---------------  S Y S T E M  ---------------

OS:wheezy/sid

uname:Linux 3.8.0-29-generic #42~precise1-Ubuntu SMP Wed Aug 14 16:19:23 UTC 2013 x86_64
libc:glibc 2.15 NPTL 2.15 
rlimit: STACK 8192k, CORE 0k, NPROC 31064, NOFILE 4096, AS infinity
load average:0,49 0,27 0,25

/proc/meminfo:
MemTotal:        3995016 kB
MemFree:          267916 kB
Buffers:          713984 kB
Cached:          1394272 kB
SwapCached:          256 kB
Active:          1901292 kB
Inactive:        1620964 kB
Active(anon):    1076168 kB
Inactive(anon):   608352 kB
Active(file):     825124 kB
Inactive(file):  1012612 kB
Unevictable:        2676 kB
Mlocked:               0 kB
SwapTotal:        262140 kB
SwapFree:         261584 kB
Dirty:               280 kB
Writeback:             0 kB
AnonPages:       1416840 kB
Mapped:           193784 kB
Shmem:            267644 kB
Slab:             110776 kB
SReclaimable:      82856 kB
SUnreclaim:        27920 kB
KernelStack:        3640 kB
PageTables:        31020 kB
NFS_Unstable:          0 kB
Bounce:                0 kB
WritebackTmp:          0 kB
CommitLimit:     2259648 kB
Committed_AS:    4168604 kB
VmallocTotal:   34359738367 kB
VmallocUsed:      543460 kB
VmallocChunk:   34359189980 kB
HardwareCorrupted:     0 kB
AnonHugePages:         0 kB
HugePages_Total:       0
HugePages_Free:        0
HugePages_Rsvd:        0
HugePages_Surp:        0
Hugepagesize:       2048 kB
DirectMap4k:       94208 kB
DirectMap2M:     4048896 kB


CPU:total 2 (2 cores per cpu, 1 threads per core) family 6 model 42 stepping 7, cmov, cx8, fxsr, mmx, sse, sse2, sse3, ssse3, sse4.1, sse4.2, popcnt, tsc, tscinvbit

/proc/cpuinfo:
processor	: 0
vendor_id	: GenuineIntel
cpu family	: 6
model		: 42
model name	: Intel(R) Pentium(R) CPU B940 @ 2.00GHz
stepping	: 7
microcode	: 0x14
cpu MHz		: 2000.000
cache size	: 2048 KB
physical id	: 0
siblings	: 2
core id		: 0
cpu cores	: 2
apicid		: 0
initial apicid	: 0
fpu		: yes
fpu_exception	: yes
cpuid level	: 13
wp		: yes
flags		: fpu vme de pse tsc msr pae mce cx8 apic sep mtrr pge mca cmov pat pse36 clflush dts acpi mmx fxsr sse sse2 ss ht tm pbe syscall nx rdtscp lm constant_tsc arch_perfmon pebs bts rep_good nopl xtopology nonstop_tsc aperfmperf eagerfpu pni pclmulqdq dtes64 monitor ds_cpl est tm2 ssse3 cx16 xtpr pdcm pcid sse4_1 sse4_2 x2apic popcnt tsc_deadline_timer xsave lahf_lm arat epb xsaveopt pln pts dtherm
bogomips	: 3990.98
clflush size	: 64
cache_alignment	: 64
address sizes	: 36 bits physical, 48 bits virtual
power management:

processor	: 1
vendor_id	: GenuineIntel
cpu family	: 6
model		: 42
model name	: Intel(R) Pentium(R) CPU B940 @ 2.00GHz
stepping	: 7
microcode	: 0x14
cpu MHz		: 2000.000
cache size	: 2048 KB
physical id	: 0
siblings	: 2
core id		: 1
cpu cores	: 2
apicid		: 2
initial apicid	: 2
fpu		: yes
fpu_exception	: yes
cpuid level	: 13
wp		: yes
flags		: fpu vme de pse tsc msr pae mce cx8 apic sep mtrr pge mca cmov pat pse36 clflush dts acpi mmx fxsr sse sse2 ss ht tm pbe syscall nx rdtscp lm constant_tsc arch_perfmon pebs bts rep_good nopl xtopology nonstop_tsc aperfmperf eagerfpu pni pclmulqdq dtes64 monitor ds_cpl est tm2 ssse3 cx16 xtpr pdcm pcid sse4_1 sse4_2 x2apic popcnt tsc_deadline_timer xsave lahf_lm arat epb xsaveopt pln pts dtherm
bogomips	: 3990.98
clflush size	: 64
cache_alignment	: 64
address sizes	: 36 bits physical, 48 bits virtual
power management:



Memory: 4k page, physical 3995016k(267916k free), swap 262140k(261584k free)

vm_info: Java HotSpot(TM) 64-Bit Server VM (23.25-b01) for linux-amd64 JRE (1.7.0_25-b15), built on Jun  5 2013 20:48:36 by "java_re" with gcc 4.3.0 20080428 (Red Hat 4.3.0-8)

time: Wed Oct 16 00:58:18 2013
elapsed time: 10333 seconds

